<?xml version="1.0" encoding="UTF-8"?>
<testng-results ignored="0" total="1" passed="1" failed="0" skipped="0">
  <reporter-output>
  </reporter-output>
  <suite started-at="2024-09-06T11:54:30 MSK" name="Suite1" finished-at="2024-09-06T11:54:36 MSK" duration-ms="6484">
    <groups>
    </groups>
    <test started-at="2024-09-06T11:54:30 MSK" name="Login Tests" finished-at="2024-09-06T11:54:36 MSK" duration-ms="6484">
      <class name="LoginTest">
        <test-method is-config="true" signature="setUp()[pri:0, instance:LoginTest@723877dd]" started-at="2024-09-06T11:54:30 MSK" name="setUp" finished-at="2024-09-06T11:54:34 MSK" duration-ms="3889" status="PASS">
          <reporter-output>
          </reporter-output>
        </test-method> <!-- setUp -->
        <test-method signature="firstTest()[pri:0, instance:LoginTest@723877dd]" started-at="2024-09-06T11:54:34 MSK" name="firstTest" finished-at="2024-09-06T11:54:36 MSK" duration-ms="2301" status="PASS">
          <reporter-output>
          </reporter-output>
        </test-method> <!-- firstTest -->
        <test-method is-config="true" signature="tearDown()[pri:0, instance:LoginTest@723877dd]" started-at="2024-09-06T11:54:36 MSK" name="tearDown" finished-at="2024-09-06T11:54:36 MSK" duration-ms="240" status="PASS">
          <reporter-output>
          </reporter-output>
        </test-method> <!-- tearDown -->
      </class> <!-- LoginTest -->
    </test> <!-- Login Tests -->
  </suite> <!-- Suite1 -->
</testng-results>
